<?xml version="1.0" encoding="UTF-8"?>
<!-- Generated by org.testng.reporters.JUnitReportReporter -->
<testsuite hostname="user-PC" name="TestCases.VerifyHomePage" tests="1" failures="0" timestamp="8 Apr 2017 04:18:26 GMT" time="23.436" errors="0">
  <testcase name="testhomepage" time="23.436" classname="TestCases.VerifyHomePage"/>
</testsuite> <!-- TestCases.VerifyHomePage -->
