<?xml version="1.0" encoding="UTF-8"?>
<!-- Generated by org.testng.reporters.JUnitReportReporter -->
<testsuite hostname="user-PC" name="TestCases.VerifyHomePage" tests="1" failures="0" timestamp="8 Apr 2017 11:49:11 GMT" time="39.895" errors="0">
  <testcase name="testhomepage" time="39.895" classname="TestCases.VerifyHomePage"/>
</testsuite> <!-- TestCases.VerifyHomePage -->
